<?xml version="1.0" encoding="UTF-8"?>
<!-- Generated by org.testng.reporters.JUnitReportReporter -->
<testsuite skipped="0" hostname="DESKTOP-LI9EUFL" name="testRunner.ExecuteSanityTest" tests="1" failures="0" timestamp="2021-06-13T16:19:47 ART" time="11.408" errors="0">
  <testcase name="feature" time="11.408" classname="testRunner.ExecuteSanityTest"/>
</testsuite> <!-- testRunner.ExecuteSanityTest -->
